#
# A fatal error has been detected by the Java Runtime Environment:
#
#  EXCEPTION_ACCESS_VIOLATION (0xc0000005) at pc=0x000000007104bd50, pid=2548, tid=11828
#
# JRE version: Java(TM) SE Runtime Environment (9.0+11) (build 9.0.1+11)
# Java VM: Java HotSpot(TM) 64-Bit Server VM (9.0.1+11, mixed mode, tiered, compressed oops, g1 gc, windows-amd64)
# Problematic frame:
# V  [jvm.dll+0x32bd50]
#
# No core dump will be written. Minidumps are not enabled by default on client versions of Windows
#
# If you would like to submit a bug report, please visit:
#   http://bugreport.java.com/bugreport/crash.jsp
#

---------------  S U M M A R Y ------------

Command Line: -agentlib:jdwp=transport=dt_socket,suspend=y,address=localhost:55694 -Dfile.encoding=UTF-8 game2.SelPic

Host: AMD Ryzen 5 1600 Six-Core Processor            , 12 cores, 7G,  Windows 10 , 64 bit Build 17134 (10.0.17134.1)
Time: Wed Nov 21 23:57:38 2018 ¢¥eCN©öI¡¾©ö C¡ÍA¨ª¨öA elapsed time: 90 seconds (0d 0h 1m 30s)

---------------  T H R E A D  ---------------

Current thread (0x000001c8dec03800):  VMThread "VM Thread" [stack: 0x000000a8ffd00000,0x000000a8ffe00000] [id=11828]

Stack: [0x000000a8ffd00000,0x000000a8ffe00000],  sp=0x000000a8ffdfeae0,  free space=1018k
Native frames: (J=compiled Java code, j=interpreted, Vv=VM code, C=native code)
V  [jvm.dll+0x32bd50]
V  [jvm.dll+0x327708]
V  [jvm.dll+0x34200f]
V  [jvm.dll+0x34522d]
V  [jvm.dll+0x2968e0]
V  [jvm.dll+0x2969d9]
V  [jvm.dll+0x2f8671]
V  [jvm.dll+0x2f3c2b]
V  [jvm.dll+0x2f5f2f]
V  [jvm.dll+0x2f654e]
V  [jvm.dll+0x2f3d05]
V  [jvm.dll+0x2f3173]
V  [jvm.dll+0x57845f]
V  [jvm.dll+0x57876c]
V  [jvm.dll+0x578e80]
V  [jvm.dll+0x546f8a]
V  [jvm.dll+0x465261]
V  [jvm.dll+0x6a34eb]
V  [jvm.dll+0x6a1c85]
V  [jvm.dll+0x6a2461]
V  [jvm.dll+0x6a274c]
V  [jvm.dll+0x5864e0]
C  [msvcr120.dll+0x24f7f]
C  [msvcr120.dll+0x25126]
C  [KERNEL32.DLL+0x13034]
C  [ntdll.dll+0x71461]


siginfo: EXCEPTION_ACCESS_VIOLATION (0xc0000005), reading address 0xffffffffffffffff


Register to memory mapping:

RIP=0x000000007104bd50 jvm.dll
RAX=0x746553646e416572 is an unknown value
RBX=0x000001c8dec03800 is an unknown value
RCX=0x00000001000016d0 is pointing into metadata
RDX=0x746553646e416572 is an unknown value
RSP=0x000000a8ffdfeae0 is an unknown value
RBP=0x0000000000000003 is an unknown value
RSI=0x000000a8ffdfeba0 is an unknown value
RDI=0x0000000000000000 is an unknown value
R8 =0x000001c8dec03800 is an unknown value
R9 =0x746553646e416572 is an unknown value
R10=0x000000000000003e is an unknown value
R11=0x000000000000003e is an unknown value
R12=0x000000a8ffdff301 is an unknown value
R13=0x0000000000000000 is an unknown value
R14=0x000000000000004e is an unknown value
R15=0x0000000000000001 is an unknown value


Registers:
RAX=0x746553646e416572, RBX=0x000001c8dec03800, RCX=0x00000001000016d0, RDX=0x746553646e416572
RSP=0x000000a8ffdfeae0, RBP=0x0000000000000003, RSI=0x000000a8ffdfeba0, RDI=0x0000000000000000
R8 =0x000001c8dec03800, R9 =0x746553646e416572, R10=0x000000000000003e, R11=0x000000000000003e
R12=0x000000a8ffdff301, R13=0x0000000000000000, R14=0x000000000000004e, R15=0x0000000000000001
RIP=0x000000007104bd50, EFLAGS=0x0000000000010246

Top of Stack: (sp=0x000000a8ffdfeae0)
0x000000a8ffdfeae0:   00000001000016d0 00007ff86e4b265b
0x000000a8ffdfeaf0:   0000000000000040 000001c8dec03800
0x000000a8ffdfeb00:   0000000000000000 0000000071047708
0x000000a8ffdfeb10:   00000001000016d0 000001c8dec03800
0x000000a8ffdfeb20:   000000a8ffdfeba0 000001c8dec03800
0x000000a8ffdfeb30:   000000a8ffdfec10 000000007106200f
0x000000a8ffdfeb40:   000001c8dec03800 00007ff86e4af2c5
0x000000a8ffdfeb50:   000000a8ffdff240 00000000710140d6
0x000000a8ffdfeb60:   0000000000000078 000001c8deb21010
0x000000a8ffdfeb70:   000000a8ffdfec10 000000007106522d
0x000000a8ffdfeb80:   000001c8e8dd60a0 000000a8ffdfed70
0x000000a8ffdfeb90:   000000000000004e 000001c8deb25680
0x000000a8ffdfeba0:   0000000000000014 000000000000000e
0x000000a8ffdfebb0:   000001c8dec03800 000000a8ffdfed70
0x000000a8ffdfebc0:   0000000000000000 0000000070fb68e0
0x000000a8ffdfebd0:   000000a8ffdfed60 0000037f00000001 

Instructions: (pc=0x000000007104bd50)
0x000000007104bd30:   8b d8 e8 c9 89 d8 ff 48 83 7b 08 00 4c 8b c8 74
0x000000007104bd40:   04 33 ff eb 23 80 3d c9 ac 62 00 00 74 05 33 ff
0x000000007104bd50:   89 78 0c 48 8d 4d fe 48 8d 78 10 48 85 c9 74 05
0x000000007104bd60:   33 c0 f3 48 ab 49 8b f9 48 83 7b 08 00 48 8b 74 


VM_Operation (0x000000a8808ff740): GetOrSetLocal, mode: safepoint, requested by thread 0x000001c8df048000


---------------  P R O C E S S  ---------------

Java Threads: ( => current thread )
  0x000001c8eab39800 JavaThread "D3D Screen Updater" daemon [_thread_blocked, id=8224, stack(0x000000a881420000,0x000000a881520000)]
  0x000001c8e80d7800 JavaThread "Timer-0" [_thread_blocked, id=15420, stack(0x000000a881220000,0x000000a881320000)]
  0x000001c8be39c800 JavaThread "DestroyJavaVM" [_thread_blocked, id=16644, stack(0x000000a8fe300000,0x000000a8fe400000)]
  0x000001c8df445000 JavaThread "AWT-EventQueue-0" [_thread_blocked, id=9960, stack(0x000000a881000000,0x000000a881100000)]
  0x000001c8df344000 JavaThread "AWT-Windows" daemon [_thread_in_native, id=21452, stack(0x000000a880f00000,0x000000a881000000)]
  0x000001c8df342000 JavaThread "AWT-Shutdown" [_thread_blocked, id=19764, stack(0x000000a880e00000,0x000000a880f00000)]
  0x000001c8df33d000 JavaThread "Java2D Disposer" daemon [_thread_blocked, id=17940, stack(0x000000a880d00000,0x000000a880e00000)]
  0x000001c8df059000 JavaThread "Service Thread" daemon [_thread_blocked, id=14792, stack(0x000000a880b00000,0x000000a880c00000)]
  0x000001c8df04c000 JavaThread "JDWP Command Reader" daemon [_thread_in_native, id=16872, stack(0x000000a880a00000,0x000000a880b00000)]
  0x000001c8df04b800 JavaThread "JDWP Event Helper Thread" daemon [_thread_blocked, id=21460, stack(0x000000a880900000,0x000000a880a00000)]
  0x000001c8df048000 JavaThread "JDWP Transport Listener: dt_socket" daemon [_thread_blocked, id=1900, stack(0x000000a880800000,0x000000a880900000)]
  0x000001c8def10000 JavaThread "Common-Cleaner" daemon [_thread_blocked, id=16444, stack(0x000000a880700000,0x000000a880800000)]
  0x000001c8decbd000 JavaThread "Sweeper thread" daemon [_thread_blocked, id=22148, stack(0x000000a880600000,0x000000a880700000)]
  0x000001c8deca6000 JavaThread "C1 CompilerThread3" daemon [_thread_blocked, id=18776, stack(0x000000a880500000,0x000000a880600000)]
  0x000001c8deca7800 JavaThread "C2 CompilerThread2" daemon [_thread_blocked, id=19864, stack(0x000000a880400000,0x000000a880500000)]
  0x000001c8dec97000 JavaThread "C2 CompilerThread1" daemon [_thread_blocked, id=10832, stack(0x000000a880300000,0x000000a880400000)]
  0x000001c8dec95800 JavaThread "C2 CompilerThread0" daemon [_thread_blocked, id=3380, stack(0x000000a880200000,0x000000a880300000)]
  0x000001c8dec95000 JavaThread "Attach Listener" daemon [_thread_blocked, id=16828, stack(0x000000a880100000,0x000000a880200000)]
  0x000001c8dec94000 JavaThread "Signal Dispatcher" daemon [_thread_blocked, id=20824, stack(0x000000a880000000,0x000000a880100000)]
  0x000001c8dec38800 JavaThread "Finalizer" daemon [_thread_blocked, id=8084, stack(0x000000a8fff00000,0x000000a900000000)]
  0x000001c8dec06000 JavaThread "Reference Handler" daemon [_thread_blocked, id=7516, stack(0x000000a8ffe00000,0x000000a8fff00000)]

Other Threads:
=>0x000001c8dec03800 VMThread "VM Thread" [stack: 0x000000a8ffd00000,0x000000a8ffe00000] [id=11828]
  0x000001c8df06b800 WatcherThread [stack: 0x000000a880c00000,0x000000a880d00000] [id=19108]
  0x000001c8be3b4800 GCTaskThread "GC Thread#0" [stack: 0x000000a8fe400000,0x000000a8fe500000] [id=23476]
  0x000001c8be3b6000 GCTaskThread "GC Thread#1" [stack: 0x000000a8fe500000,0x000000a8fe600000] [id=21420]
  0x000001c8be3b9800 GCTaskThread "GC Thread#2" [stack: 0x000000a8fe600000,0x000000a8fe700000] [id=13776]
  0x000001c8be3bb800 GCTaskThread "GC Thread#3" [stack: 0x000000a8fe700000,0x000000a8fe800000] [id=9764]
  0x000001c8be3c2000 GCTaskThread "GC Thread#4" [stack: 0x000000a8fe800000,0x000000a8fe900000] [id=16404]
  0x000001c8be3ca800 GCTaskThread "GC Thread#5" [stack: 0x000000a8fe900000,0x000000a8fea00000] [id=22256]
  0x000001c8be3cb000 GCTaskThread "GC Thread#6" [stack: 0x000000a8fea00000,0x000000a8feb00000] [id=8128]
  0x000001c8be3cd000 GCTaskThread "GC Thread#7" [stack: 0x000000a8feb00000,0x000000a8fec00000] [id=14496]
  0x000001c8be3ce800 GCTaskThread "GC Thread#8" [stack: 0x000000a8fec00000,0x000000a8fed00000] [id=24404]
  0x000001c8be3cf800 GCTaskThread "GC Thread#9" [stack: 0x000000a8fed00000,0x000000a8fee00000] [id=10960]
  0x000001c8be426800 ConcurrentGCThread "G1 Main Marker" [stack: 0x000000a8ff900000,0x000000a8ffa00000] [id=24424]
  0x000001c8be429000 ConcurrentGCThread "G1 Marker#0" [stack: 0x000000a8ffa00000,0x000000a8ffb00000] [id=10852]
  0x000001c8be429800 ConcurrentGCThread "G1 Marker#1" [stack: 0x000000a8ffb00000,0x000000a8ffc00000] [id=20628]
  0x000001c8be42a800 ConcurrentGCThread "G1 Marker#2" [stack: 0x000000a8ffc00000,0x000000a8ffd00000] [id=14228]
  0x000001c8be3fa000 ConcurrentGCThread "G1 Refine#0" [stack: 0x000000a8ff700000,0x000000a8ff800000] [id=19912]
  0x000001c8be3f1000 ConcurrentGCThread "G1 Refine#1" [stack: 0x000000a8ff600000,0x000000a8ff700000] [id=16912]
  0x000001c8be3ef000 ConcurrentGCThread "G1 Refine#2" [stack: 0x000000a8ff500000,0x000000a8ff600000] [id=20256]
  0x000001c8be3ec000 ConcurrentGCThread "G1 Refine#3" [stack: 0x000000a8ff400000,0x000000a8ff500000] [id=23152]
  0x000001c8be3e9000 ConcurrentGCThread "G1 Refine#4" [stack: 0x000000a8ff300000,0x000000a8ff400000] [id=7932]
  0x000001c8be3e0800 ConcurrentGCThread "G1 Refine#5" [stack: 0x000000a8ff200000,0x000000a8ff300000] [id=19032]
  0x000001c8be3dc800 ConcurrentGCThread "G1 Refine#6" [stack: 0x000000a8ff100000,0x000000a8ff200000] [id=11056]
  0x000001c8be3db800 ConcurrentGCThread "G1 Refine#7" [stack: 0x000000a8ff000000,0x000000a8ff100000] [id=5432]
  0x000001c8be3d6800 ConcurrentGCThread "G1 Refine#8" [stack: 0x000000a8fef00000,0x000000a8ff000000] [id=21700]
  0x000001c8be3d4800 ConcurrentGCThread "G1 Refine#9" [stack: 0x000000a8fee00000,0x000000a8fef00000] [id=17936]
  0x000001c8be404800 ConcurrentGCThread "G1 Young RemSet Sampling" [stack: 0x000000a8ff800000,0x000000a8ff900000] [id=11940]

Threads with active compile tasks:

VM state:at safepoint (normal execution)

VM Mutex/Monitor currently owned by a thread:  ([mutex/lock_event])
[0x000001c8be39b950] Threads_lock - owner thread: 0x000001c8dec03800

Heap address: 0x0000000081000000, size: 2032 MB, Compressed Oops mode: 32-bit
Narrow klass base: 0x0000000000000000, Narrow klass shift: 3
Compressed class space size: 1073741824 Address: 0x0000000100000000

Heap:
 garbage-first heap   total 131072K, used 13290K [0x0000000081000000, 0x0000000081100400, 0x0000000100000000)
  region size 1024K, 12 young (12288K), 3 survivors (3072K)
 Metaspace       used 13465K, capacity 14310K, committed 14592K, reserved 1062912K
  class space    used 1516K, capacity 1684K, committed 1792K, reserved 1048576K
Heap Regions: E=young(eden), S=young(survivor), O=old, HS=humongous(starts), HC=humongous(continues), CS=collection set, F=free, A=archive, TS=gc time stamp, AC=allocation context, TAMS=top-at-mark-start (previous, next)
|   0|0x0000000081000000, 0x00000000810fa800, 0x0000000081100000| 97%| O|  |TS  1|AC  0|TAMS 0x0000000081000000, 0x0000000081000000|
|   1|0x0000000081100000, 0x0000000081200000, 0x0000000081200000|100%|HS|  |TS  0|AC  0|TAMS 0x0000000081100000, 0x0000000081100000|
|   2|0x0000000081200000, 0x0000000081200000, 0x0000000081300000|  0%| F|  |TS  0|AC  0|TAMS 0x0000000081200000, 0x0000000081200000|
|   3|0x0000000081300000, 0x0000000081300000, 0x0000000081400000|  0%| F|  |TS  0|AC  0|TAMS 0x0000000081300000, 0x0000000081300000|
|   4|0x0000000081400000, 0x0000000081400000, 0x0000000081500000|  0%| F|  |TS  0|AC  0|TAMS 0x0000000081400000, 0x0000000081400000|
|   5|0x0000000081500000, 0x0000000081500000, 0x0000000081600000|  0%| F|  |TS  0|AC  0|TAMS 0x0000000081500000, 0x0000000081500000|
|   6|0x0000000081600000, 0x0000000081600000, 0x0000000081700000|  0%| F|  |TS  0|AC  0|TAMS 0x0000000081600000, 0x0000000081600000|
|   7|0x0000000081700000, 0x0000000081700000, 0x0000000081800000|  0%| F|  |TS  0|AC  0|TAMS 0x0000000081700000, 0x0000000081700000|
|   8|0x0000000081800000, 0x0000000081800000, 0x0000000081900000|  0%| F|  |TS  0|AC  0|TAMS 0x0000000081800000, 0x0000000081800000|
|   9|0x0000000081900000, 0x0000000081900000, 0x0000000081a00000|  0%| F|  |TS  0|AC  0|TAMS 0x0000000081900000, 0x0000000081900000|
|  10|0x0000000081a00000, 0x0000000081a00000, 0x0000000081b00000|  0%| F|  |TS  0|AC  0|TAMS 0x0000000081a00000, 0x0000000081a00000|
|  11|0x0000000081b00000, 0x0000000081b00000, 0x0000000081c00000|  0%| F|  |TS  0|AC  0|TAMS 0x0000000081b00000, 0x0000000081b00000|
|  12|0x0000000081c00000, 0x0000000081c00000, 0x0000000081d00000|  0%| F|  |TS  0|AC  0|TAMS 0x0000000081c00000, 0x0000000081c00000|
|  13|0x0000000081d00000, 0x0000000081d00000, 0x0000000081e00000|  0%| F|  |TS  0|AC  0|TAMS 0x0000000081d00000, 0x0000000081d00000|
|  14|0x0000000081e00000, 0x0000000081e00000, 0x0000000081f00000|  0%| F|  |TS  0|AC  0|TAMS 0x0000000081e00000, 0x0000000081e00000|
|  15|0x0000000081f00000, 0x0000000081f00000, 0x0000000082000000|  0%| F|  |TS  0|AC  0|TAMS 0x0000000081f00000, 0x0000000081f00000|
|  16|0x0000000082000000, 0x0000000082000000, 0x0000000082100000|  0%| F|  |TS  0|AC  0|TAMS 0x0000000082000000, 0x0000000082000000|
|  17|0x0000000082100000, 0x0000000082100000, 0x0000000082200000|  0%| F|  |TS  0|AC  0|TAMS 0x0000000082100000, 0x0000000082100000|
|  18|0x0000000082200000, 0x0000000082200000, 0x0000000082300000|  0%| F|  |TS  0|AC  0|TAMS 0x0000000082200000, 0x0000000082200000|
|  19|0x0000000082300000, 0x0000000082300000, 0x0000000082400000|  0%| F|  |TS  0|AC  0|TAMS 0x0000000082300000, 0x0000000082300000|
|  20|0x0000000082400000, 0x0000000082400000, 0x0000000082500000|  0%| F|  |TS  0|AC  0|TAMS 0x0000000082400000, 0x0000000082400000|
|  21|0x0000000082500000, 0x0000000082500000, 0x0000000082600000|  0%| F|  |TS  0|AC  0|TAMS 0x0000000082500000, 0x0000000082500000|
|  22|0x0000000082600000, 0x0000000082600000, 0x0000000082700000|  0%| F|  |TS  0|AC  0|TAMS 0x0000000082600000, 0x0000000082600000|
|  23|0x0000000082700000, 0x0000000082700000, 0x0000000082800000|  0%| F|  |TS  0|AC  0|TAMS 0x0000000082700000, 0x0000000082700000|
|  24|0x0000000082800000, 0x0000000082800000, 0x0000000082900000|  0%| F|  |TS  0|AC  0|TAMS 0x0000000082800000, 0x0000000082800000|
|  25|0x0000000082900000, 0x0000000082900000, 0x0000000082a00000|  0%| F|  |TS  0|AC  0|TAMS 0x0000000082900000, 0x0000000082900000|
|  26|0x0000000082a00000, 0x0000000082a00000, 0x0000000082b00000|  0%| F|  |TS  0|AC  0|TAMS 0x0000000082a00000, 0x0000000082a00000|
|  27|0x0000000082b00000, 0x0000000082b00000, 0x0000000082c00000|  0%| F|  |TS  0|AC  0|TAMS 0x0000000082b00000, 0x0000000082b00000|
|  28|0x0000000082c00000, 0x0000000082c00000, 0x0000000082d00000|  0%| F|  |TS  0|AC  0|TAMS 0x0000000082c00000, 0x0000000082c00000|
|  29|0x0000000082d00000, 0x0000000082d00000, 0x0000000082e00000|  0%| F|  |TS  0|AC  0|TAMS 0x0000000082d00000, 0x0000000082d00000|
|  30|0x0000000082e00000, 0x0000000082e00000, 0x0000000082f00000|  0%| F|  |TS  0|AC  0|TAMS 0x0000000082e00000, 0x0000000082e00000|
|  31|0x0000000082f00000, 0x0000000082f00000, 0x0000000083000000|  0%| F|  |TS  0|AC  0|TAMS 0x0000000082f00000, 0x0000000082f00000|
|  32|0x0000000083000000, 0x0000000083000000, 0x0000000083100000|  0%| F|  |TS  0|AC  0|TAMS 0x0000000083000000, 0x0000000083000000|
|  33|0x0000000083100000, 0x0000000083100000, 0x0000000083200000|  0%| F|  |TS  0|AC  0|TAMS 0x0000000083100000, 0x0000000083100000|
|  34|0x0000000083200000, 0x0000000083200000, 0x0000000083300000|  0%| F|  |TS  0|AC  0|TAMS 0x0000000083200000, 0x0000000083200000|
|  35|0x0000000083300000, 0x0000000083300000, 0x0000000083400000|  0%| F|  |TS  0|AC  0|TAMS 0x0000000083300000, 0x0000000083300000|
|  36|0x0000000083400000, 0x0000000083400000, 0x0000000083500000|  0%| F|  |TS  0|AC  0|TAMS 0x0000000083400000, 0x0000000083400000|
|  37|0x0000000083500000, 0x0000000083500000, 0x0000000083600000|  0%| F|  |TS  0|AC  0|TAMS 0x0000000083500000, 0x0000000083500000|
|  38|0x0000000083600000, 0x0000000083600000, 0x0000000083700000|  0%| F|  |TS  0|AC  0|TAMS 0x0000000083600000, 0x0000000083600000|
|  39|0x0000000083700000, 0x0000000083700000, 0x0000000083800000|  0%| F|  |TS  0|AC  0|TAMS 0x0000000083700000, 0x0000000083700000|
|  40|0x0000000083800000, 0x0000000083800000, 0x0000000083900000|  0%| F|  |TS  0|AC  0|TAMS 0x0000000083800000, 0x0000000083800000|
|  41|0x0000000083900000, 0x0000000083900000, 0x0000000083a00000|  0%| F|  |TS  0|AC  0|TAMS 0x0000000083900000, 0x0000000083900000|
|  42|0x0000000083a00000, 0x0000000083a00000, 0x0000000083b00000|  0%| F|  |TS  0|AC  0|TAMS 0x0000000083a00000, 0x0000000083a00000|
|  43|0x0000000083b00000, 0x0000000083b00000, 0x0000000083c00000|  0%| F|  |TS  0|AC  0|TAMS 0x0000000083b00000, 0x0000000083b00000|
|  44|0x0000000083c00000, 0x0000000083c00000, 0x0000000083d00000|  0%| F|  |TS  0|AC  0|TAMS 0x0000000083c00000, 0x0000000083c00000|
|  45|0x0000000083d00000, 0x0000000083d00000, 0x0000000083e00000|  0%| F|  |TS  0|AC  0|TAMS 0x0000000083d00000, 0x0000000083d00000|
|  46|0x0000000083e00000, 0x0000000083e00000, 0x0000000083f00000|  0%| F|  |TS  0|AC  0|TAMS 0x0000000083e00000, 0x0000000083e00000|
|  47|0x0000000083f00000, 0x0000000083f00000, 0x0000000084000000|  0%| F|  |TS  0|AC  0|TAMS 0x0000000083f00000, 0x0000000083f00000|
|  48|0x0000000084000000, 0x0000000084000000, 0x0000000084100000|  0%| F|  |TS  0|AC  0|TAMS 0x0000000084000000, 0x0000000084000000|
|  49|0x0000000084100000, 0x0000000084100000, 0x0000000084200000|  0%| F|  |TS  0|AC  0|TAMS 0x0000000084100000, 0x0000000084100000|
|  50|0x0000000084200000, 0x0000000084200000, 0x0000000084300000|  0%| F|  |TS  0|AC  0|TAMS 0x0000000084200000, 0x0000000084200000|
|  51|0x0000000084300000, 0x0000000084300000, 0x0000000084400000|  0%| F|  |TS  0|AC  0|TAMS 0x0000000084300000, 0x0000000084300000|
|  52|0x0000000084400000, 0x0000000084400000, 0x0000000084500000|  0%| F|  |TS  0|AC  0|TAMS 0x0000000084400000, 0x0000000084400000|
|  53|0x0000000084500000, 0x0000000084500000, 0x0000000084600000|  0%| F|  |TS  0|AC  0|TAMS 0x0000000084500000, 0x0000000084500000|
|  54|0x0000000084600000, 0x0000000084600000, 0x0000000084700000|  0%| F|  |TS  0|AC  0|TAMS 0x0000000084600000, 0x0000000084600000|
|  55|0x0000000084700000, 0x0000000084700000, 0x0000000084800000|  0%| F|  |TS  0|AC  0|TAMS 0x0000000084700000, 0x0000000084700000|
|  56|0x0000000084800000, 0x0000000084800000, 0x0000000084900000|  0%| F|  |TS  0|AC  0|TAMS 0x0000000084800000, 0x0000000084800000|
|  57|0x0000000084900000, 0x0000000084900000, 0x0000000084a00000|  0%| F|  |TS  0|AC  0|TAMS 0x0000000084900000, 0x0000000084900000|
|  58|0x0000000084a00000, 0x0000000084a00000, 0x0000000084b00000|  0%| F|  |TS  0|AC  0|TAMS 0x0000000084a00000, 0x0000000084a00000|
|  59|0x0000000084b00000, 0x0000000084b00000, 0x0000000084c00000|  0%| F|  |TS  0|AC  0|TAMS 0x0000000084b00000, 0x0000000084b00000|
|  60|0x0000000084c00000, 0x0000000084c00000, 0x0000000084d00000|  0%| F|  |TS  0|AC  0|TAMS 0x0000000084c00000, 0x0000000084c00000|
|  61|0x0000000084d00000, 0x0000000084d00000, 0x0000000084e00000|  0%| F|  |TS  0|AC  0|TAMS 0x0000000084d00000, 0x0000000084d00000|
|  62|0x0000000084e00000, 0x0000000084e00000, 0x0000000084f00000|  0%| F|  |TS  0|AC  0|TAMS 0x0000000084e00000, 0x0000000084e00000|
|  63|0x0000000084f00000, 0x0000000084f00000, 0x0000000085000000|  0%| F|  |TS  0|AC  0|TAMS 0x0000000084f00000, 0x0000000084f00000|
|  64|0x0000000085000000, 0x0000000085000000, 0x0000000085100000|  0%| F|  |TS  0|AC  0|TAMS 0x0000000085000000, 0x0000000085000000|
|  65|0x0000000085100000, 0x0000000085100000, 0x0000000085200000|  0%| F|  |TS  0|AC  0|TAMS 0x0000000085100000, 0x0000000085100000|
|  66|0x0000000085200000, 0x0000000085200000, 0x0000000085300000|  0%| F|  |TS  0|AC  0|TAMS 0x0000000085200000, 0x0000000085200000|
|  67|0x0000000085300000, 0x0000000085300000, 0x0000000085400000|  0%| F|  |TS  0|AC  0|TAMS 0x0000000085300000, 0x0000000085300000|
|  68|0x0000000085400000, 0x0000000085400000, 0x0000000085500000|  0%| F|  |TS  0|AC  0|TAMS 0x0000000085400000, 0x0000000085400000|
|  69|0x0000000085500000, 0x0000000085500000, 0x0000000085600000|  0%| F|  |TS  0|AC  0|TAMS 0x0000000085500000, 0x0000000085500000|
|  70|0x0000000085600000, 0x0000000085600000, 0x0000000085700000|  0%| F|  |TS  0|AC  0|TAMS 0x0000000085600000, 0x0000000085600000|
|  71|0x0000000085700000, 0x0000000085700000, 0x0000000085800000|  0%| F|  |TS  0|AC  0|TAMS 0x0000000085700000, 0x0000000085700000|
|  72|0x0000000085800000, 0x0000000085800000, 0x0000000085900000|  0%| F|  |TS  0|AC  0|TAMS 0x0000000085800000, 0x0000000085800000|
|  73|0x0000000085900000, 0x0000000085900000, 0x0000000085a00000|  0%| F|  |TS  0|AC  0|TAMS 0x0000000085900000, 0x0000000085900000|
|  74|0x0000000085a00000, 0x0000000085a00000, 0x0000000085b00000|  0%| F|  |TS  0|AC  0|TAMS 0x0000000085a00000, 0x0000000085a00000|
|  75|0x0000000085b00000, 0x0000000085b00000, 0x0000000085c00000|  0%| F|  |TS  0|AC  0|TAMS 0x0000000085b00000, 0x0000000085b00000|
|  76|0x0000000085c00000, 0x0000000085c00000, 0x0000000085d00000|  0%| F|  |TS  0|AC  0|TAMS 0x0000000085c00000, 0x0000000085c00000|
|  77|0x0000000085d00000, 0x0000000085d00000, 0x0000000085e00000|  0%| F|  |TS  0|AC  0|TAMS 0x0000000085d00000, 0x0000000085d00000|
|  78|0x0000000085e00000, 0x0000000085e00000, 0x0000000085f00000|  0%| F|  |TS  0|AC  0|TAMS 0x0000000085e00000, 0x0000000085e00000|
|  79|0x0000000085f00000, 0x0000000085f00000, 0x0000000086000000|  0%| F|  |TS  0|AC  0|TAMS 0x0000000085f00000, 0x0000000085f00000|
|  80|0x0000000086000000, 0x0000000086000000, 0x0000000086100000|  0%| F|  |TS  0|AC  0|TAMS 0x0000000086000000, 0x0000000086000000|
|  81|0x0000000086100000, 0x0000000086100000, 0x0000000086200000|  0%| F|  |TS  0|AC  0|TAMS 0x0000000086100000, 0x0000000086100000|
|  82|0x0000000086200000, 0x0000000086200000, 0x0000000086300000|  0%| F|  |TS  0|AC  0|TAMS 0x0000000086200000, 0x0000000086200000|
|  83|0x0000000086300000, 0x0000000086300000, 0x0000000086400000|  0%| F|  |TS  0|AC  0|TAMS 0x0000000086300000, 0x0000000086300000|
|  84|0x0000000086400000, 0x0000000086400000, 0x0000000086500000|  0%| F|  |TS  0|AC  0|TAMS 0x0000000086400000, 0x0000000086400000|
|  85|0x0000000086500000, 0x0000000086500000, 0x0000000086600000|  0%| F|  |TS  0|AC  0|TAMS 0x0000000086500000, 0x0000000086500000|
|  86|0x0000000086600000, 0x0000000086600000, 0x0000000086700000|  0%| F|  |TS  0|AC  0|TAMS 0x0000000086600000, 0x0000000086600000|
|  87|0x0000000086700000, 0x0000000086700000, 0x0000000086800000|  0%| F|  |TS  0|AC  0|TAMS 0x0000000086700000, 0x0000000086700000|
|  88|0x0000000086800000, 0x0000000086800000, 0x0000000086900000|  0%| F|  |TS  0|AC  0|TAMS 0x0000000086800000, 0x0000000086800000|
|  89|0x0000000086900000, 0x0000000086900000, 0x0000000086a00000|  0%| F|  |TS  0|AC  0|TAMS 0x0000000086900000, 0x0000000086900000|
|  90|0x0000000086a00000, 0x0000000086a00000, 0x0000000086b00000|  0%| F|  |TS  0|AC  0|TAMS 0x0000000086a00000, 0x0000000086a00000|
|  91|0x0000000086b00000, 0x0000000086b00000, 0x0000000086c00000|  0%| F|  |TS  0|AC  0|TAMS 0x0000000086b00000, 0x0000000086b00000|
|  92|0x0000000086c00000, 0x0000000086c00000, 0x0000000086d00000|  0%| F|  |TS  0|AC  0|TAMS 0x0000000086c00000, 0x0000000086c00000|
|  93|0x0000000086d00000, 0x0000000086d00000, 0x0000000086e00000|  0%| F|  |TS  0|AC  0|TAMS 0x0000000086d00000, 0x0000000086d00000|
|  94|0x0000000086e00000, 0x0000000086e00000, 0x0000000086f00000|  0%| F|  |TS  0|AC  0|TAMS 0x0000000086e00000, 0x0000000086e00000|
|  95|0x0000000086f00000, 0x0000000086f00000, 0x0000000087000000|  0%| F|  |TS  0|AC  0|TAMS 0x0000000086f00000, 0x0000000086f00000|
|  96|0x0000000087000000, 0x0000000087000000, 0x0000000087100000|  0%| F|  |TS  0|AC  0|TAMS 0x0000000087000000, 0x0000000087000000|
|  97|0x0000000087100000, 0x0000000087100000, 0x0000000087200000|  0%| F|  |TS  0|AC  0|TAMS 0x0000000087100000, 0x0000000087100000|
|  98|0x0000000087200000, 0x0000000087200000, 0x0000000087300000|  0%| F|  |TS  0|AC  0|TAMS 0x0000000087200000, 0x0000000087200000|
|  99|0x0000000087300000, 0x0000000087300000, 0x0000000087400000|  0%| F|  |TS  0|AC  0|TAMS 0x0000000087300000, 0x0000000087300000|
| 100|0x0000000087400000, 0x0000000087400000, 0x0000000087500000|  0%| F|  |TS  0|AC  0|TAMS 0x0000000087400000, 0x0000000087400000|
| 101|0x0000000087500000, 0x0000000087600000, 0x0000000087600000|100%| S|CS|TS  1|AC  0|TAMS 0x0000000087500000, 0x0000000087500000|
| 102|0x0000000087600000, 0x0000000087700000, 0x0000000087700000|100%| S|CS|TS  1|AC  0|TAMS 0x0000000087600000, 0x0000000087600000|
| 103|0x0000000087700000, 0x0000000087800000, 0x0000000087800000|100%| S|CS|TS  1|AC  0|TAMS 0x0000000087700000, 0x0000000087700000|
| 104|0x0000000087800000, 0x0000000087800000, 0x0000000087900000|  0%| F|  |TS  1|AC  0|TAMS 0x0000000087800000, 0x0000000087800000|
| 105|0x0000000087900000, 0x0000000087900000, 0x0000000087a00000|  0%| F|  |TS  1|AC  0|TAMS 0x0000000087900000, 0x0000000087900000|
| 106|0x0000000087a00000, 0x0000000087a00000, 0x0000000087b00000|  0%| F|  |TS  1|AC  0|TAMS 0x0000000087a00000, 0x0000000087a00000|
| 107|0x0000000087b00000, 0x0000000087b00000, 0x0000000087c00000|  0%| F|  |TS  1|AC  0|TAMS 0x0000000087b00000, 0x0000000087b00000|
| 108|0x0000000087c00000, 0x0000000087c00000, 0x0000000087d00000|  0%| F|  |TS  1|AC  0|TAMS 0x0000000087c00000, 0x0000000087c00000|
| 109|0x0000000087d00000, 0x0000000087d00000, 0x0000000087e00000|  0%| F|  |TS  1|AC  0|TAMS 0x0000000087d00000, 0x0000000087d00000|
| 110|0x0000000087e00000, 0x0000000087e00000, 0x0000000087f00000|  0%| F|  |TS  1|AC  0|TAMS 0x0000000087e00000, 0x0000000087e00000|
| 111|0x0000000087f00000, 0x0000000087f00000, 0x0000000088000000|  0%| F|  |TS  1|AC  0|TAMS 0x0000000087f00000, 0x0000000087f00000|
| 112|0x0000000088000000, 0x0000000088000000, 0x0000000088100000|  0%| F|  |TS  1|AC  0|TAMS 0x0000000088000000, 0x0000000088000000|
| 113|0x0000000088100000, 0x0000000088100000, 0x0000000088200000|  0%| F|  |TS  1|AC  0|TAMS 0x0000000088100000, 0x0000000088100000|
| 114|0x0000000088200000, 0x0000000088200000, 0x0000000088300000|  0%| F|  |TS  1|AC  0|TAMS 0x0000000088200000, 0x0000000088200000|
| 115|0x0000000088300000, 0x0000000088300000, 0x0000000088400000|  0%| F|  |TS  1|AC  0|TAMS 0x0000000088300000, 0x0000000088300000|
| 116|0x0000000088400000, 0x0000000088400000, 0x0000000088500000|  0%| F|  |TS  1|AC  0|TAMS 0x0000000088400000, 0x0000000088400000|
| 117|0x0000000088500000, 0x0000000088500000, 0x0000000088600000|  0%| F|  |TS  1|AC  0|TAMS 0x0000000088500000, 0x0000000088500000|
| 118|0x0000000088600000, 0x0000000088600000, 0x0000000088700000|  0%| F|  |TS  1|AC  0|TAMS 0x0000000088600000, 0x0000000088600000|
| 119|0x0000000088700000, 0x0000000088700800, 0x0000000088800000|  0%| E|  |TS  1|AC  0|TAMS 0x0000000088700000, 0x0000000088700000|
| 120|0x0000000088800000, 0x0000000088900000, 0x0000000088900000|100%| E|CS|TS  1|AC  0|TAMS 0x0000000088800000, 0x0000000088800000|
| 121|0x0000000088900000, 0x0000000088a00000, 0x0000000088a00000|100%| E|CS|TS  1|AC  0|TAMS 0x0000000088900000, 0x0000000088900000|
| 122|0x0000000088a00000, 0x0000000088b00000, 0x0000000088b00000|100%| E|CS|TS  1|AC  0|TAMS 0x0000000088a00000, 0x0000000088a00000|
| 123|0x0000000088b00000, 0x0000000088c00000, 0x0000000088c00000|100%| E|CS|TS  1|AC  0|TAMS 0x0000000088b00000, 0x0000000088b00000|
| 124|0x0000000088c00000, 0x0000000088d00000, 0x0000000088d00000|100%| E|CS|TS  1|AC  0|TAMS 0x0000000088c00000, 0x0000000088c00000|
| 125|0x0000000088d00000, 0x0000000088e00000, 0x0000000088e00000|100%| E|CS|TS  1|AC  0|TAMS 0x0000000088d00000, 0x0000000088d00000|
| 126|0x0000000088e00000, 0x0000000088f00000, 0x0000000088f00000|100%| E|CS|TS  1|AC  0|TAMS 0x0000000088e00000, 0x0000000088e00000|
| 127|0x0000000088f00000, 0x0000000089000000, 0x0000000089000000|100%| E|CS|TS  1|AC  0|TAMS 0x0000000088f00000, 0x0000000088f00000|

Card table byte_map: [0x000001c8d6f70000,0x000001c8d7370000] byte_map_base: 0x000001c8d6b68000

Marking Bits (Prev, Next): (CMBitMap*) 0x000001c8db734980, (CMBitMap*) 0x000001c8db7349b8
 Prev Bits: [0x000001c8d7770000, 0x000001c8d9730000)
 Next Bits: [0x000001c8d9730000, 0x000001c8db6f0000)

Polling page: 0x000001c8be2f0000

CodeHeap 'non-profiled nmethods': size=120000Kb used=1003Kb max_used=1003Kb free=118996Kb
 bounds [0x000001c8ce5c0000, 0x000001c8ce830000, 0x000001c8d5af0000]
CodeHeap 'profiled nmethods': size=120000Kb used=4294Kb max_used=4294Kb free=115705Kb
 bounds [0x000001c8c7090000, 0x000001c8c74d0000, 0x000001c8ce5c0000]
CodeHeap 'non-nmethods': size=5760Kb used=1346Kb max_used=1403Kb free=4413Kb
 bounds [0x000001c8c6af0000, 0x000001c8c6d60000, 0x000001c8c7090000]
 total_blobs=3009 nmethods=2019 adapters=486
 compilation: enabled

Compilation events (10 events):
Event: 12.669 Thread 0x000001c8dec97000 nmethod 2015 0x000001c8ce6a7610 code [0x000001c8ce6a7820, 0x000001c8ce6a7d70]
Event: 12.704 Thread 0x000001c8dec95800 2018   !   4       java.awt.Container::dispatchEventImpl (129 bytes)
Event: 12.761 Thread 0x000001c8dec95800 nmethod 2018 0x000001c8ce6a8490 code [0x000001c8ce6a8980, 0x000001c8ce6ac728]
Event: 12.764 Thread 0x000001c8deca7800 nmethod 2016 0x000001c8ce6aed10 code [0x000001c8ce6af160, 0x000001c8ce6b2e38]
Event: 12.820 Thread 0x000001c8dec97000 2019       4       sun.awt.SunToolkit::postEvent (144 bytes)
Event: 12.860 Thread 0x000001c8dec97000 nmethod 2019 0x000001c8ce6b5090 code [0x000001c8ce6b5380, 0x000001c8ce6b84d0]
Event: 74.300 Thread 0x000001c8dec95800 2020       4       java.util.Arrays::copyOf (41 bytes)
Event: 74.304 Thread 0x000001c8dec95800 nmethod 2020 0x000001c8ce6b9a10 code [0x000001c8ce6b9bc0, 0x000001c8ce6ba098]
Event: 87.208 Thread 0x000001c8deca7800 2021       4       java.util.Arrays::copyOf (41 bytes)
Event: 87.211 Thread 0x000001c8deca7800 nmethod 2021 0x000001c8ce6ba390 code [0x000001c8ce6ba540, 0x000001c8ce6baa78]

GC Heap History (2 events):
Event: 1.273 GC heap before
{Heap before GC invocations=0 (full 0):
 garbage-first heap   total 131072K, used 24576K [0x0000000081000000, 0x0000000081100400, 0x0000000100000000)
  region size 1024K, 24 young (24576K), 0 survivors (0K)
 Metaspace       used 11947K, capacity 12846K, committed 12928K, reserved 1060864K
  class space    used 1384K, capacity 1586K, committed 1664K, reserved 1048576K
}
Event: 1.279 GC heap after
{Heap after GC invocations=1 (full 0):
 garbage-first heap   total 131072K, used 4074K [0x0000000081000000, 0x0000000081100400, 0x0000000100000000)
  region size 1024K, 3 young (3072K), 3 survivors (3072K)
 Metaspace       used 11947K, capacity 12846K, committed 12928K, reserved 1060864K
  class space    used 1384K, capacity 1586K, committed 1664K, reserved 1048576K
}

Deoptimization events (10 events):
Event: 12.954 Thread 0x000001c8df445000 Uncommon trap: reason=class_check action=maybe_recompile pc=0x000001c8ce679bf8 method=java.awt.Container.getMouseEventTargetImpl(IIZLjava/awt/Container$EventTargetFilter;ZZ)Ljava/awt/Component; @ 191 c2
Event: 12.955 Thread 0x000001c8df445000 Uncommon trap: reason=unstable_if action=reinterpret pc=0x000001c8ce6ab8a0 method=java.awt.LightweightDispatcher.retargetMouseEnterExit(Ljava/awt/Component;Ljava/awt/event/MouseEvent;Ljava/awt/Component;Z)Ljava/awt/Component; @ 51 c2
Event: 12.956 Thread 0x000001c8df445000 Uncommon trap: reason=class_check action=maybe_recompile pc=0x000001c8ce679bf8 method=java.awt.Container.getMouseEventTargetImpl(IIZLjava/awt/Container$EventTargetFilter;ZZ)Ljava/awt/Component; @ 191 c2
Event: 12.960 Thread 0x000001c8df445000 Uncommon trap: reason=class_check action=maybe_recompile pc=0x000001c8ce679bf8 method=java.awt.Container.getMouseEventTargetImpl(IIZLjava/awt/Container$EventTargetFilter;ZZ)Ljava/awt/Component; @ 191 c2
Event: 13.480 Thread 0x000001c8df344000 Uncommon trap: reason=unstable_if action=reinterpret pc=0x000001c8ce6b6a90 method=sun.awt.SunToolkit.postEvent(Lsun/awt/AppContext;Ljava/awt/AWTEvent;)V @ 27 c2
Event: 13.480 Thread 0x000001c8df445000 Uncommon trap: reason=bimorphic_or_optimized_type_check action=maybe_recompile pc=0x000001c8ce6a7bfc method=java.awt.EventQueue.dispatchEventImpl(Ljava/awt/AWTEvent;Ljava/lang/Object;)V @ 21 c2
Event: 13.483 Thread 0x000001c8df445000 Uncommon trap: reason=bimorphic_or_optimized_type_check action=maybe_recompile pc=0x000001c8ce6a7bfc method=java.awt.EventQueue.dispatchEventImpl(Ljava/awt/AWTEvent;Ljava/lang/Object;)V @ 21 c2
Event: 13.483 Thread 0x000001c8df445000 Uncommon trap: reason=bimorphic_or_optimized_type_check action=maybe_recompile pc=0x000001c8ce6a7bfc method=java.awt.EventQueue.dispatchEventImpl(Ljava/awt/AWTEvent;Ljava/lang/Object;)V @ 21 c2
Event: 13.483 Thread 0x000001c8df445000 Uncommon trap: reason=bimorphic_or_optimized_type_check action=maybe_recompile pc=0x000001c8ce6a7bfc method=java.awt.EventQueue.dispatchEventImpl(Ljava/awt/AWTEvent;Ljava/lang/Object;)V @ 21 c2
Event: 74.400 Thread 0x000001c8eab39800 Uncommon trap: reason=intrinsic_or_type_checked_inlining action=make_not_entrant pc=0x000001c8ce6b9e9c method=java.util.Arrays.copyOf([Ljava/lang/Object;ILjava/lang/Class;)[Ljava/lang/Object; @ 36 c2

Classes redefined (2 events):
Event: 78.282 Thread 0x000001c8dec03800 redefined class name=gameController.GameView, count=1
Event: 90.360 Thread 0x000001c8dec03800 redefined class name=gameController.GameView, count=2

Internal exceptions (10 events):
Event: 0.658 Thread 0x000001c8e8174800 Exception <a 'java/lang/NoSuchMethodError'{0x00000000887f7928}: method resolution failed> (0x00000000887f7928) thrown at [t:/workspace/hotspot/src/share/vm/prims/methodHandles.cpp, line 1256]
Event: 0.759 Thread 0x000001c8e8174800 Exception <a 'java/lang/NoSuchMethodError'{0x00000000887ff8b8}: method resolution failed> (0x00000000887ff8b8) thrown at [t:/workspace/hotspot/src/share/vm/prims/methodHandles.cpp, line 1256]
Event: 0.761 Thread 0x000001c8e8174800 Exception <a 'java/io/FileNotFoundException'{0x0000000088605980}> (0x0000000088605980) thrown at [t:/workspace/hotspot/src/share/vm/prims/jni.cpp, line 604]
Event: 0.774 Thread 0x000001c8df445000 Exception <a 'java/lang/NoSuchMethodError'{0x0000000088514848}: java.lang.invoke.DirectMethodHandle$Holder.invokeStatic(Ljava/lang/Object;Ljava/lang/Object;Ljava/lang/Object;Ljava/lang/Object;Ljava/lang/Object;Ljava/lang/Object;Ljava/lang/Object;Ljava/lan
Event: 0.776 Thread 0x000001c8df445000 Exception <a 'java/lang/NoSuchMethodError'{0x0000000088532bf0}: java.lang.invoke.DirectMethodHandle$Holder.invokeStatic(Ljava/lang/Object;Ljava/lang/Object;Ljava/lang/Object;Ljava/lang/Object;Ljava/lang/Object;Ljava/lang/Object;Ljava/lang/Object;Ljava/lan
Event: 0.778 Thread 0x000001c8df445000 Exception <a 'java/lang/NoSuchMethodError'{0x0000000088551e18}: java.lang.invoke.DirectMethodHandle$Holder.invokeStatic(Ljava/lang/Object;Ljava/lang/Object;Ljava/lang/Object;Ljava/lang/Object;Ljava/lang/Object;Ljava/lang/Object;Ljava/lang/Object;Ljava/lan
Event: 0.780 Thread 0x000001c8df445000 Exception <a 'java/lang/NoSuchMethodError'{0x0000000088572810}: java.lang.invoke.DirectMethodHandle$Holder.invokeStatic(Ljava/lang/Object;Ljava/lang/Object;Ljava/lang/Object;Ljava/lang/Object;Ljava/lang/Object;Ljava/lang/Object;Ljava/lang/Object;Ljava/lan
Event: 0.786 Thread 0x000001c8df445000 Implicit null exception at 0x000001c8ce5c95af to 0x000001c8ce5c961d
Event: 0.820 Thread 0x000001c8df445000 Exception <a 'java/io/FileNotFoundException'{0x00000000885d67f0}> (0x00000000885d67f0) thrown at [t:/workspace/hotspot/src/share/vm/prims/jni.cpp, line 604]
Event: 0.820 Thread 0x000001c8df445000 Exception <a 'java/lang/NullPointerException'{0x00000000885d6f58}> (0x00000000885d6f58) thrown at [t:/workspace/hotspot/src/share/vm/interpreter/linkResolver.cpp, line 1311]

Events (10 events):
Event: 90.392 Executing VM operation: GetOwnedMonitorInfo done
Event: 90.392 Executing VM operation: GetCurrentContendedMonitor
Event: 90.392 Executing VM operation: GetCurrentContendedMonitor done
Event: 90.393 Executing VM operation: GetCurrentContendedMonitor
Event: 90.393 Executing VM operation: GetCurrentContendedMonitor done
Event: 90.393 Executing VM operation: GetOwnedMonitorInfo
Event: 90.393 Executing VM operation: GetOwnedMonitorInfo done
Event: 90.440 Executing VM operation: GetFrameLocation
Event: 90.440 Executing VM operation: GetFrameLocation done
Event: 90.440 Executing VM operation: GetOrSetLocal


Dynamic libraries:
0x00007ff737650000 - 0x00007ff73768e000 	C:\Program Files\Java\jre-9.0.1\bin\javaw.exe
0x00007ff86e4a0000 - 0x00007ff86e681000 	C:\WINDOWS\SYSTEM32\ntdll.dll
0x00007ff86e3a0000 - 0x00007ff86e452000 	C:\WINDOWS\System32\KERNEL32.DLL
0x00007ff86b550000 - 0x00007ff86b7c3000 	C:\WINDOWS\System32\KERNELBASE.dll
0x00007ff86db40000 - 0x00007ff86dbe1000 	C:\WINDOWS\System32\ADVAPI32.dll
0x00007ff86e120000 - 0x00007ff86e1be000 	C:\WINDOWS\System32\msvcrt.dll
0x00007ff86d7a0000 - 0x00007ff86d7fb000 	C:\WINDOWS\System32\sechost.dll
0x00007ff86d670000 - 0x00007ff86d794000 	C:\WINDOWS\System32\RPCRT4.dll
0x00007ff86e1c0000 - 0x00007ff86e350000 	C:\WINDOWS\System32\USER32.dll
0x00007ff86a870000 - 0x00007ff86a890000 	C:\WINDOWS\System32\win32u.dll
0x00007ff86d900000 - 0x00007ff86d928000 	C:\WINDOWS\System32\GDI32.dll
0x00007ff86a990000 - 0x00007ff86ab22000 	C:\WINDOWS\System32\gdi32full.dll
0x00007ff86abb0000 - 0x00007ff86ac4f000 	C:\WINDOWS\System32\msvcp_win.dll
0x00007ff86a890000 - 0x00007ff86a98a000 	C:\WINDOWS\System32\ucrtbase.dll
0x00007ff85e5c0000 - 0x00007ff85e829000 	C:\WINDOWS\WinSxS\amd64_microsoft.windows.common-controls_6595b64144ccf1df_6.0.17134.345_none_fb429a5930656358\COMCTL32.dll
0x00007ff86dd90000 - 0x00007ff86e0b3000 	C:\WINDOWS\System32\combase.dll
0x00007ff864490000 - 0x00007ff86449a000 	C:\WINDOWS\SYSTEM32\VERSION.dll
0x00007ff86ab30000 - 0x00007ff86abaa000 	C:\WINDOWS\System32\bcryptPrimitives.dll
0x00007ff86e350000 - 0x00007ff86e37d000 	C:\WINDOWS\System32\IMM32.DLL
0x00007ff83cf20000 - 0x00007ff83d00f000 	C:\Program Files\Java\jre-9.0.1\bin\msvcr120.dll
0x00007ff83f0e0000 - 0x00007ff83f186000 	C:\Program Files\Java\jre-9.0.1\bin\msvcp120.dll
0x0000000070d20000 - 0x0000000071744000 	C:\Program Files\Java\jre-9.0.1\bin\server\jvm.dll
0x00007ff86e460000 - 0x00007ff86e468000 	C:\WINDOWS\System32\PSAPI.DLL
0x00007ff866030000 - 0x00007ff866053000 	C:\WINDOWS\SYSTEM32\WINMM.dll
0x00007ff858bc0000 - 0x00007ff858bc9000 	C:\WINDOWS\SYSTEM32\WSOCK32.dll
0x00007ff86cf50000 - 0x00007ff86cfbc000 	C:\WINDOWS\System32\WS2_32.dll
0x00007ff866000000 - 0x00007ff86602a000 	C:\WINDOWS\SYSTEM32\winmmbase.dll
0x00007ff86b8e0000 - 0x00007ff86b929000 	C:\WINDOWS\System32\cfgmgr32.dll
0x00007ff868f70000 - 0x00007ff868f7f000 	C:\Program Files\Java\jre-9.0.1\bin\verify.dll
0x00007ff852290000 - 0x00007ff8522b7000 	C:\Program Files\Java\jre-9.0.1\bin\java.dll
0x00007ff85c640000 - 0x00007ff85c676000 	C:\Program Files\Java\jre-9.0.1\bin\jdwp.dll
0x00007ff85fdd0000 - 0x00007ff85fde6000 	C:\Program Files\Java\jre-9.0.1\bin\zip.dll
0x00007ff85fda0000 - 0x00007ff85fdaa000 	C:\Program Files\Java\jre-9.0.1\bin\jimage.dll
0x00007ff86b9e0000 - 0x00007ff86ce1f000 	C:\WINDOWS\System32\SHELL32.dll
0x00007ff86b930000 - 0x00007ff86b9d9000 	C:\WINDOWS\System32\shcore.dll
0x00007ff86ac50000 - 0x00007ff86b35d000 	C:\WINDOWS\System32\windows.storage.dll
0x00007ff86cef0000 - 0x00007ff86cf41000 	C:\WINDOWS\System32\shlwapi.dll
0x00007ff86a7d0000 - 0x00007ff86a7e1000 	C:\WINDOWS\System32\kernel.appcore.dll
0x00007ff86a7f0000 - 0x00007ff86a80f000 	C:\WINDOWS\System32\profapi.dll
0x00007ff86a820000 - 0x00007ff86a86c000 	C:\WINDOWS\System32\powrprof.dll
0x00007ff86a810000 - 0x00007ff86a81a000 	C:\WINDOWS\System32\FLTLIB.DLL
0x00007ff857a90000 - 0x00007ff857aaa000 	C:\Program Files\Java\jre-9.0.1\bin\net.dll
0x00007ff866320000 - 0x00007ff8663fc000 	C:\WINDOWS\SYSTEM32\WINHTTP.dll
0x00007ff869cd0000 - 0x00007ff869d36000 	C:\WINDOWS\system32\mswsock.dll
0x00007ff8569c0000 - 0x00007ff8569d1000 	C:\Program Files\Java\jre-9.0.1\bin\nio.dll
0x00007ff86a120000 - 0x00007ff86a12a000 	C:\Program Files\Java\jre-9.0.1\bin\dt_socket.dll
0x00007ff869a90000 - 0x00007ff869b4e000 	C:\WINDOWS\SYSTEM32\DNSAPI.dll
0x00007ff86d930000 - 0x00007ff86d938000 	C:\WINDOWS\System32\NSI.dll
0x00007ff869a50000 - 0x00007ff869a88000 	C:\WINDOWS\SYSTEM32\IPHLPAPI.DLL
0x00007ff864d20000 - 0x00007ff864d92000 	C:\WINDOWS\System32\fwpuclnt.dll
0x00007ff86a140000 - 0x00007ff86a165000 	C:\WINDOWS\SYSTEM32\bcrypt.dll
0x00007ff85f750000 - 0x00007ff85f75a000 	C:\Windows\System32\rasadhlp.dll
0x00007ff834500000 - 0x00007ff834699000 	C:\Program Files\Java\jre-9.0.1\bin\awt.dll
0x00007ff86ce20000 - 0x00007ff86cee2000 	C:\WINDOWS\System32\OLEAUT32.dll
0x00007ff867450000 - 0x00007ff867a17000 	C:\WINDOWS\SYSTEM32\d2d1.dll
0x00007ff868280000 - 0x00007ff86830b000 	C:\WINDOWS\SYSTEM32\apphelp.dll
0x00007ff8683b0000 - 0x00007ff868448000 	C:\WINDOWS\system32\uxtheme.dll
0x00007ff86d940000 - 0x00007ff86dab4000 	C:\WINDOWS\System32\MSCTF.dll
0x00007ff8685c0000 - 0x00007ff8685e9000 	C:\WINDOWS\system32\dwmapi.dll
0x00007ff8484a0000 - 0x00007ff8484d8000 	C:\WINDOWS\system32\IMGSF50Filter_x64.dll
0x00007ff86cfc0000 - 0x00007ff86d111000 	C:\WINDOWS\System32\ole32.dll
0x00000000742b0000 - 0x0000000074383000 	C:\WINDOWS\WinSxS\amd64_microsoft.vc90.crt_1fc8b3b9a1e18e3b_9.0.30729.9415_none_08e0c10ba840a28a\MSVCP90.dll
0x0000000074390000 - 0x0000000074433000 	C:\WINDOWS\WinSxS\amd64_microsoft.vc90.crt_1fc8b3b9a1e18e3b_9.0.30729.9415_none_08e0c10ba840a28a\MSVCR90.dll
0x00007ff845610000 - 0x00007ff845730000 	C:\WINDOWS\SYSTEM32\Opengl32.dll
0x00007ff847930000 - 0x00007ff84795c000 	C:\WINDOWS\SYSTEM32\GLU32.dll
0x00007ff830030000 - 0x00007ff8301c7000 	C:\WINDOWS\system32\d3d9.dll
0x00007ff867ab0000 - 0x00007ff867b9a000 	C:\WINDOWS\System32\DriverStore\FileRepository\nv_ref_pubwu.inf_amd64_2e7fa54192fe16d0\nvldumdx.dll
0x00007ff86b360000 - 0x00007ff86b542000 	C:\WINDOWS\System32\crypt32.dll
0x00007ff86a7b0000 - 0x00007ff86a7c2000 	C:\WINDOWS\System32\MSASN1.dll
0x00007ff86a4d0000 - 0x00007ff86a4e7000 	C:\WINDOWS\SYSTEM32\CRYPTSP.dll
0x00007ff8698b0000 - 0x00007ff8698e3000 	C:\WINDOWS\system32\rsaenh.dll
0x00007ff869e80000 - 0x00007ff869e8b000 	C:\WINDOWS\SYSTEM32\CRYPTBASE.dll
0x00007ff809250000 - 0x00007ff80a426000 	C:\WINDOWS\System32\DriverStore\FileRepository\nv_ref_pubwu.inf_amd64_2e7fa54192fe16d0\nvd3dumx.dll
0x00007ff85c050000 - 0x00007ff85c20d000 	C:\WINDOWS\system32\nvspcap64.dll
0x00007ff869540000 - 0x00007ff869571000 	C:\WINDOWS\SYSTEM32\ntmarta.dll
0x00007ff85f7a0000 - 0x00007ff85f88b000 	C:\Program Files (x86)\NVIDIA Corporation\3D Vision\nvSCPAPI64.dll
0x00007ff86d120000 - 0x00007ff86d56b000 	C:\WINDOWS\System32\SETUPAPI.dll
0x00007ff840a40000 - 0x00007ff840a6b000 	C:\Program Files\Java\jre-9.0.1\bin\javajpeg.dll
0x00007ff83b9f0000 - 0x00007ff83ba8d000 	C:\Program Files\Java\jre-9.0.1\bin\fontmanager.dll
0x00007ff8409f0000 - 0x00007ff840a32000 	C:\Program Files\Java\jre-9.0.1\bin\t2k.dll
0x00007ff866150000 - 0x00007ff8661e7000 	C:\WINDOWS\System32\TextInputFramework.dll
0x00007ff863f90000 - 0x00007ff8642ae000 	C:\WINDOWS\System32\CoreUIComponents.dll
0x00007ff868080000 - 0x00007ff86815a000 	C:\WINDOWS\System32\CoreMessaging.dll
0x00007ff865890000 - 0x00007ff8659dd000 	C:\WINDOWS\SYSTEM32\wintypes.dll
0x00007ff86d800000 - 0x00007ff86d8a0000 	C:\WINDOWS\System32\clbcatq.dll
0x00007ff85fc50000 - 0x00007ff85fd21000 	C:\Windows\System32\IME\IMEKR\imkrtip.dll
0x00007ff865450000 - 0x00007ff865604000 	C:\WINDOWS\SYSTEM32\PROPSYS.dll
0x00007ff85e3c0000 - 0x00007ff85e516000 	C:\Windows\System32\IME\shared\imetip.dll
0x00007ff85b790000 - 0x00007ff85b93b000 	C:\WINDOWS\SYSTEM32\DUI70.dll
0x00007ff868e90000 - 0x00007ff868efb000 	C:\WINDOWS\SYSTEM32\OLEACC.dll
0x00007ff867a70000 - 0x00007ff867aad000 	C:\Windows\System32\IME\IMEKR\imkrapi.dll
0x00007ff866740000 - 0x00007ff866780000 	C:\Windows\System32\IME\shared\imjkapi.dll
0x00007ff86a300000 - 0x00007ff86a4c9000 	C:\WINDOWS\SYSTEM32\dbghelp.dll

VM Arguments:
jvm_args: -agentlib:jdwp=transport=dt_socket,suspend=y,address=localhost:55694 -Dfile.encoding=UTF-8 
java_command: game2.SelPic
java_class_path (initial): C:\Users\±è¿µÈ£\Documents\jsp\projects\GameProject\bin;C:\Users\±è¿µÈ£\Documents\jsp\projects\GameProject\miglayout15-swing.jar
Launcher Type: SUN_STANDARD

Logging:
Log output configuration:
#0: stdout all=warning uptime,level,tags
#1: stderr all=off uptime,level,tags

Environment Variables:
JAVA_HOME=C:\Program Files\Java\jdk-9.0.1
PATH=C:\Program Files (x86)\NVIDIA Corporation\PhysX\Common;C:\ProgramData\Oracle\Java\javapath;C:\WINDOWS\system32;C:\WINDOWS;C:\WINDOWS\System32\Wbem;C:\WINDOWS\System32\WindowsPowerShell\v1.0\;C:\Program Files\Java\jdk-9.0.1\bin;C:\Program Files\MySQL\MySQL Utilities 1.6\;C:\WINDOWS\System32\OpenSSH\;C:\Users\±è¿µÈ£\AppData\Local\Microsoft\WindowsApps;C:\Program Files\Bandizip\
USERNAME=±è¿µÈ£
OS=Windows_NT
PROCESSOR_IDENTIFIER=AMD64 Family 23 Model 1 Stepping 1, AuthenticAMD



---------------  S Y S T E M  ---------------

OS: Windows 10 , 64 bit Build 17134 (10.0.17134.1)

CPU:total 12 (initial active 12) (12 cores per cpu, 1 threads per core) family 23 model 1 stepping 1, cmov, cx8, fxsr, mmx, sse, sse2, sse3, ssse3, sse4.1, sse4.2, popcnt, avx, avx2, aes, clmul, mmxext, 3dnowpref, lzcnt, sse4a, tsc, tscinvbit, tscinv, bmi1

Memory: 4k page, physical 8319880k(3250136k free), swap 16446344k(6026952k free)

vm_info: Java HotSpot(TM) 64-Bit Server VM (9.0.1+11) for windows-amd64 JRE (9.0.1+11), built on Sep 28 2017 04:54:03 by "mach5one" with MS VC++ 12.0 (VS2013)

END.
